[debug] [2020-08-14T14:20:34.852Z] ----------------------------------------------------------------------
[debug] [2020-08-14T14:20:34.854Z] Command:       /Users/uskillbotics/.nvm/versions/node/v12.16.3/bin/node /Users/uskillbotics/.nvm/versions/node/v12.16.3/bin/firebase init functions
[debug] [2020-08-14T14:20:34.854Z] CLI Version:   8.7.0
[debug] [2020-08-14T14:20:34.854Z] Platform:      darwin
[debug] [2020-08-14T14:20:34.854Z] Node Version:  v12.16.3
[debug] [2020-08-14T14:20:34.855Z] Time:          Fri Aug 14 2020 09:20:34 GMT-0500 (Central Daylight Time)
[debug] [2020-08-14T14:20:34.855Z] ----------------------------------------------------------------------
[debug] [2020-08-14T14:20:34.855Z] 
[debug] [2020-08-14T14:20:34.863Z] > command requires scopes: ["email","openid","https://www.googleapis.com/auth/cloudplatformprojects.readonly","https://www.googleapis.com/auth/firebase","https://www.googleapis.com/auth/cloud-platform"]
[debug] [2020-08-14T14:20:34.863Z] > authorizing via signed-in user
[info] 
     ######## #### ########  ######## ########     ###     ######  ########
     ##        ##  ##     ## ##       ##     ##  ##   ##  ##       ##
     ######    ##  ########  ######   ########  #########  ######  ######
     ##        ##  ##    ##  ##       ##     ## ##     ##       ## ##
     ##       #### ##     ## ######## ########  ##     ##  ######  ########

You're about to initialize a Firebase project in this directory:

  /Users/uskillbotics/Dev/Web/Clients/TLH/multiverse-viewer

Before we get started, keep in mind:

  * You are initializing in an existing Firebase project directory

[info] 
=== Project Setup
[info] 
[info] First, let's associate this project directory with a Firebase project.
[info] You can create multiple project aliases by running firebase use --add, 
[info] but for now we'll just set up a default project.
[info] 
[info] i  .firebaserc already has a default project, using multiverse-prime. 
[debug] [2020-08-14T14:20:34.871Z] >>> HTTP REQUEST GET https://firebase.googleapis.com/v1beta1/projects/multiverse-prime  
 
[debug] [2020-08-14T14:20:35.158Z] <<< HTTP RESPONSE 200 {"content-type":"application/json; charset=UTF-8","vary":"X-Origin, Referer, Origin,Accept-Encoding","date":"Fri, 14 Aug 2020 14:20:35 GMT","server":"ESF","cache-control":"private","x-xss-protection":"0","x-frame-options":"SAMEORIGIN","x-content-type-options":"nosniff","alt-svc":"h3-29=\":443\"; ma=2592000,h3-27=\":443\"; ma=2592000,h3-T050=\":443\"; ma=2592000,h3-Q050=\":443\"; ma=2592000,h3-Q046=\":443\"; ma=2592000,h3-Q043=\":443\"; ma=2592000,quic=\":443\"; ma=2592000; v=\"46,43\"","accept-ranges":"none","transfer-encoding":"chunked"}
[info] 
=== Functions Setup
[info] 
[info] A functions directory will be created in your project with a Node.js
[info] package pre-configured. Functions can be deployed with firebase deploy.
[info] 
[debug] [2020-08-14T14:20:35.160Z] > command requires scopes: ["email","openid","https://www.googleapis.com/auth/cloudplatformprojects.readonly","https://www.googleapis.com/auth/firebase","https://www.googleapis.com/auth/cloud-platform"]
[debug] [2020-08-14T14:20:35.161Z] > authorizing via signed-in user
[debug] [2020-08-14T14:20:35.161Z] [iam] checking project multiverse-prime for permissions ["firebase.projects.get"]
[debug] [2020-08-14T14:20:35.162Z] >>> HTTP REQUEST POST https://cloudresourcemanager.googleapis.com/v1/projects/multiverse-prime:testIamPermissions  
 {"permissions":["firebase.projects.get"]}
[debug] [2020-08-14T14:20:35.395Z] <<< HTTP RESPONSE 200 {"content-type":"application/json; charset=UTF-8","vary":"X-Origin, Referer, Origin,Accept-Encoding","date":"Fri, 14 Aug 2020 14:20:35 GMT","server":"ESF","cache-control":"private","x-xss-protection":"0","x-frame-options":"SAMEORIGIN","x-content-type-options":"nosniff","server-timing":"gfet4t7; dur=95","alt-svc":"h3-29=\":443\"; ma=2592000,h3-27=\":443\"; ma=2592000,h3-T050=\":443\"; ma=2592000,h3-Q050=\":443\"; ma=2592000,h3-Q046=\":443\"; ma=2592000,h3-Q043=\":443\"; ma=2592000,quic=\":443\"; ma=2592000; v=\"46,43\"","accept-ranges":"none","transfer-encoding":"chunked"}
[debug] [2020-08-14T14:20:35.396Z] >>> HTTP REQUEST POST https://serviceusage.googleapis.com/v1/projects/multiverse-prime/services/cloudfunctions.googleapis.com:enable  
 
[debug] [2020-08-14T14:20:35.397Z] >>> HTTP REQUEST POST https://serviceusage.googleapis.com/v1/projects/multiverse-prime/services/runtimeconfig.googleapis.com:enable  
 
[debug] [2020-08-14T14:20:35.897Z] <<< HTTP RESPONSE 200 {"content-type":"application/json; charset=UTF-8","vary":"X-Origin, Referer, Origin,Accept-Encoding","date":"Fri, 14 Aug 2020 14:20:35 GMT","server":"ESF","cache-control":"private","x-xss-protection":"0","x-frame-options":"SAMEORIGIN","x-content-type-options":"nosniff","alt-svc":"h3-29=\":443\"; ma=2592000,h3-27=\":443\"; ma=2592000,h3-T050=\":443\"; ma=2592000,h3-Q050=\":443\"; ma=2592000,h3-Q046=\":443\"; ma=2592000,h3-Q043=\":443\"; ma=2592000,quic=\":443\"; ma=2592000; v=\"46,43\"","accept-ranges":"none","transfer-encoding":"chunked"}
[debug] [2020-08-14T14:20:35.911Z] <<< HTTP RESPONSE 200 {"content-type":"application/json; charset=UTF-8","vary":"X-Origin, Referer, Origin,Accept-Encoding","date":"Fri, 14 Aug 2020 14:20:35 GMT","server":"ESF","cache-control":"private","x-xss-protection":"0","x-frame-options":"SAMEORIGIN","x-content-type-options":"nosniff","alt-svc":"h3-29=\":443\"; ma=2592000,h3-27=\":443\"; ma=2592000,h3-T050=\":443\"; ma=2592000,h3-Q050=\":443\"; ma=2592000,h3-Q046=\":443\"; ma=2592000,h3-Q043=\":443\"; ma=2592000,quic=\":443\"; ma=2592000; v=\"46,43\"","accept-ranges":"none","transfer-encoding":"chunked"}
[info] i  Skipping write of functions/package.json 
[debug] [2020-08-14T14:20:50.657Z] TypeError: Cannot read property 'setRawMode' of null
    at ReadStream.setRawMode (tty.js:75:28)
    at Interface._setRawMode (readline.js:283:16)
    at Interface.close (readline.js:406:10)
    at ReadStream.ontermend (readline.js:194:10)
    at ReadStream.emit (events.js:322:22)
    at ReadStream.EventEmitter.emit (domain.js:482:12)
    at endReadableNT (_stream_readable.js:1187:12)
    at processTicksAndRejections (internal/process/task_queues.js:84:21)
